<?xml version="1.0" encoding="UTF-8" ?>
<testsuite errors="0" failures="0" hostname="hostname" name="com.cenqua.test.Test5" tests="3" time="20.362"
           timestamp="2007-06-13T03:33:05">

    <testcase classname="com.cenqua.test.Test4" name="method0" time="30.333"/>
    <testcase classname="com.cenqua.test.Test4" name="method1" time="30.333"/>
    <testcase classname="com.cenqua.test.TestNotFound" name="method2" time="30.333"/>
</testsuite>

