<?xml version="1.0" encoding="UTF-8" ?>
<testsuite errors="0" failures="0" hostname="hostname" name="com.cenqua.test.Test2" tests="3" time="20.362"
           timestamp="2007-06-13T03:33:05">

    <testcase classname="com.cenqua.test.Test2" name="method0" time="20.222"/>
    <testcase classname="com.cenqua.test.Test2" name="method1" time="20.222"/>
    <testcase classname="com.cenqua.test.Test2" name="method2" time="20.222"/>
</testsuite>

